DPR Store Method ENTRY - 2026-05-12 11:03:29
DPR Store - Permission passed, starting transaction
DPR Store - Validation and duplicate check passed
DPR Store Method ENTRY - 2026-05-12 11:25:49
DPR Store - Permission passed, starting transaction
DPR Store - Validation and duplicate check passed
Skipping consumption creation for rental machinery - Supplier bears diesel costs
DPR + Consumption + Ledger Created Successfully: DPR ID=1
DPR Store Method ENTRY - 2026-05-12 13:51:13
DPR Store - Permission passed, starting transaction
DPR Store - Validation and duplicate check passed
Skipping consumption creation for rental machinery - Supplier bears diesel costs
DPR + Consumption + Ledger Created Successfully: DPR ID=1
DPR Store Method ENTRY - 2026-05-12 13:56:29
DPR Store - Permission passed, starting transaction
DPR Store - Validation and duplicate check passed
Skipping consumption creation for rental machinery - Supplier bears diesel costs
DPR + Consumption + Ledger Created Successfully: DPR ID=1
DPR Store Method ENTRY - 2026-05-12 14:03:46
DPR Store - Permission passed, starting transaction
DPR Store - Validation and duplicate check passed
Skipping consumption creation for rental machinery - Supplier bears diesel costs
DPR + Consumption + Ledger Created Successfully: DPR ID=1
DailyConsumptionController@store ENTRY - Request data: {"daily_progress_report_id":1,"consumption_date":"2026-05-12","site_id":"1","consumption_type":"fuel","machinery_type":"rental","machinery_id":"17","activity_completed_id":"1","items":{"1":{"material_id":"45","quantity":"25","unit":"Liter","remarks":"Remarks"}},"consumption_file":null,"InsertFrom":"DailyProgressReportController"}
DailyConsumptionController@store - Permission passed
DailyConsumptionController@store SUCCESS - Master ID: 1
DailyConsumptionController@store ENTRY - Request data: {"daily_progress_report_id":2,"consumption_date":"2026-05-12","site_id":"1","consumption_type":"fuel","machinery_type":"rental","machinery_id":"17","activity_completed_id":"2","items":[],"consumption_file":null,"InsertFrom":"DailyProgressReportController"}
DailyConsumptionController@store - Permission passed
DailyConsumptionController@store ENTRY - Request data: {"daily_progress_report_id":1,"consumption_date":"2026-05-13","site_id":"1","consumption_type":"fuel","machinery_type":"rental","machinery_id":"17","activity_completed_id":"1","items":{"1":{"material_id":"45","quantity":"5","unit":"Liter","remarks":null}},"consumption_file":null,"InsertFrom":"DailyProgressReportController"}
DailyConsumptionController@store - Permission passed
DailyConsumptionController@store SUCCESS - Master ID: 1
